<?xml version="1.0" encoding="UTF-8"?>
<testng-results ignored="0" total="1" passed="1" failed="0" skipped="0">
  <reporter-output>
  </reporter-output>
  <suite started-at="2021-11-26T21:55:56 CST" name="Default suite" finished-at="2021-11-26T21:56:05 CST" duration-ms="9118">
    <groups>
    </groups>
    <test started-at="2021-11-26T21:55:56 CST" name="Default test" finished-at="2021-11-26T21:56:05 CST" duration-ms="9118">
      <class name="test.addCustomerTest">
        <test-method signature="validUserShouldBeAbleToAddCustomer()[pri:0, instance:test.addCustomerTest@55b53d44]" started-at="2021-11-26T21:55:56 CST" name="validUserShouldBeAbleToAddCustomer" finished-at="2021-11-26T21:56:05 CST" duration-ms="9075" status="PASS">
          <reporter-output>
          </reporter-output>
        </test-method> <!-- validUserShouldBeAbleToAddCustomer -->
      </class> <!-- test.addCustomerTest -->
    </test> <!-- Default test -->
  </suite> <!-- Default suite -->
</testng-results>
